<?xml version="1.0" encoding="UTF-8"?>
<testng-results ignored="0" total="1" passed="1" failed="0" skipped="0">
  <reporter-output>
  </reporter-output>
  <suite started-at="2024-03-26T02:19:07 IST" name="One Map Suite" finished-at="2024-03-26T02:19:15 IST" duration-ms="8343">
    <groups>
      <group name="cucumber">
        <method signature="AbstractTestNGCucumberTests.runScenario(io.cucumber.testng.PickleWrapper,io.cucumber.testng.FeatureWrapper)[pri:0, instance:runners.OneMapRunner@48bb62]" name="runScenario" class="io.cucumber.testng.AbstractTestNGCucumberTests"/>
      </group> <!-- cucumber -->
    </groups>
    <test started-at="2024-03-26T02:19:07 IST" name="Test Basics 1" finished-at="2024-03-26T02:19:15 IST" duration-ms="8343">
      <class name="runners.OneMapRunner">
        <test-method is-config="true" signature="setUpClass(org.testng.ITestContext)[pri:0, instance:runners.OneMapRunner@48bb62]" started-at="2024-03-26T02:19:07 IST" name="setUpClass" finished-at="2024-03-26T02:19:07 IST" duration-ms="598" status="PASS">
          <params>
            <param index="0">
              <value>
                <![CDATA[org.testng.TestRunner@414f13fc]]>
              </value>
            </param>
          </params>
          <reporter-output>
          </reporter-output>
        </test-method> <!-- setUpClass -->
        <test-method signature="runScenario(io.cucumber.testng.PickleWrapper,io.cucumber.testng.FeatureWrapper)[pri:0, instance:runners.OneMapRunner@48bb62]" started-at="2024-03-26T02:19:07 IST" name="runScenario" description="Runs Cucumber Scenarios" data-provider="scenarios" finished-at="2024-03-26T02:19:15 IST" duration-ms="7622" status="PASS">
          <params>
            <param index="0">
              <value>
                <![CDATA["This is a sample scenario"]]>
              </value>
            </param>
            <param index="1">
              <value>
                <![CDATA["Title of your feature"]]>
              </value>
            </param>
          </params>
          <reporter-output>
          </reporter-output>
        </test-method> <!-- runScenario -->
        <test-method is-config="true" signature="tearDownClass()[pri:0, instance:runners.OneMapRunner@48bb62]" started-at="2024-03-26T02:19:15 IST" name="tearDownClass" finished-at="2024-03-26T02:19:15 IST" duration-ms="71" status="PASS">
          <reporter-output>
          </reporter-output>
        </test-method> <!-- tearDownClass -->
      </class> <!-- runners.OneMapRunner -->
    </test> <!-- Test Basics 1 -->
  </suite> <!-- One Map Suite -->
</testng-results>
